<?xml version="1.0" encoding="UTF-8"?>
<!-- Generated by org.testng.reporters.JUnitReportReporter -->
<testsuite skipped="0" hostname="SushmaReddy-PC" name="assignments.BuyEnergyTest" tests="2" failures="0" timestamp="21 Aug 2022 12:21:59 GMT" time="27.991" errors="1">
  <testcase name="closeBrowser" time="3.036" classname="assignments.BuyEnergyTest">
    <error type="java.lang.StackOverflowError">
      <![CDATA[java.lang.StackOverflowError
at assignments.EnsekMethods.closeBrowser(EnsekMethods.java:72)
at assignments.EnsekMethods.closeBrowser(EnsekMethods.java:72)
at assignments.EnsekMethods.closeBrowser(EnsekMethods.java:72)
at assignments.EnsekMethods.closeBrowser(EnsekMethods.java:72)
at assignments.EnsekMethods.closeBrowser(EnsekMethods.java:72)
at assignments.EnsekMethods.closeBrowser(EnsekMethods.java:72)
at assignments.EnsekMethods.closeBrowser(EnsekMethods.java:72)
at assignments.EnsekMethods.closeBrowser(EnsekMethods.java:72)
at assignments.EnsekMethods.closeBrowser(EnsekMethods.java:72)
at assignments.EnsekMethods.closeBrowser(EnsekMethods.java:72)
at assignments.EnsekMethods.closeBrowser(EnsekMethods.java:72)
at assignments.EnsekMethods.closeBrowser(EnsekMethods.java:72)
at assignments.EnsekMethods.closeBrowser(EnsekMethods.java:72)
at assignments.EnsekMethods.closeBrowser(EnsekMethods.java:72)
at assignments.EnsekMethods.closeBrowser(EnsekMethods.java:72)
at assignments.EnsekMethods.closeBrowser(EnsekMethods.java:72)
at assignments.EnsekMethods.closeBrowser(EnsekMethods.java:72)
at assignments.EnsekMethods.closeBrowser(EnsekMethods.java:72)
at assignments.EnsekMethods.closeBrowser(EnsekMethods.java:72)
at assignments.EnsekMethods.closeBrowser(EnsekMethods.java:72)
at assignments.EnsekMethods.closeBrowser(EnsekMethods.java:72)
at assignments.EnsekMethods.closeBrowser(EnsekMethods.java:72)
at assignments.EnsekMethods.closeBrowser(EnsekMethods.java:72)
at assignments.EnsekMethods.closeBrowser(EnsekMethods.java:72)
at assignments.EnsekMethods.closeBrowser(EnsekMethods.java:72)
at assignments.EnsekMethods.closeBrowser(EnsekMethods.java:72)
at assignments.EnsekMethods.closeBrowser(EnsekMethods.java:72)
at assignments.EnsekMethods.closeBrowser(EnsekMethods.java:72)
at assignments.EnsekMethods.closeBrowser(EnsekMethods.java:72)
at assignments.EnsekMethods.closeBrowser(EnsekMethods.java:72)
at assignments.EnsekMethods.closeBrowser(EnsekMethods.java:72)
at assignments.EnsekMethods.closeBrowser(EnsekMethods.java:72)
at assignments.EnsekMethods.closeBrowser(EnsekMethods.java:72)
at assignments.EnsekMethods.closeBrowser(EnsekMethods.java:72)
at assignments.EnsekMethods.closeBrowser(EnsekMethods.java:72)
at assignments.EnsekMethods.closeBrowser(EnsekMethods.java:72)
at assignments.EnsekMethods.closeBrowser(EnsekMethods.java:72)
at assignments.EnsekMethods.closeBrowser(EnsekMethods.java:72)
at assignments.EnsekMethods.closeBrowser(EnsekMethods.java:72)
at assignments.EnsekMethods.closeBrowser(EnsekMethods.java:72)
at assignments.EnsekMethods.closeBrowser(EnsekMethods.java:72)
at assignments.EnsekMethods.closeBrowser(EnsekMethods.java:72)
at assignments.EnsekMethods.closeBrowser(EnsekMethods.java:72)
at assignments.EnsekMethods.closeBrowser(EnsekMethods.java:72)
at assignments.EnsekMethods.closeBrowser(EnsekMethods.java:72)
at assignments.EnsekMethods.closeBrowser(EnsekMethods.java:72)
at assignments.EnsekMethods.closeBrowser(EnsekMethods.java:72)
at assignments.EnsekMethods.closeBrowser(EnsekMethods.java:72)
at assignments.EnsekMethods.closeBrowser(EnsekMethods.java:72)
at assignments.EnsekMethods.closeBrowser(EnsekMethods.java:72)
at assignments.EnsekMethods.closeBrowser(EnsekMethods.java:72)
at assignments.EnsekMethods.closeBrowser(EnsekMethods.java:72)
at assignments.EnsekMethods.closeBrowser(EnsekMethods.java:72)
at assignments.EnsekMethods.closeBrowser(EnsekMethods.java:72)
at assignments.EnsekMethods.closeBrowser(EnsekMethods.java:72)
at assignments.EnsekMethods.closeBrowser(EnsekMethods.java:72)
at assignments.EnsekMethods.closeBrowser(EnsekMethods.java:72)
at assignments.EnsekMethods.closeBrowser(EnsekMethods.java:72)
at assignments.EnsekMethods.closeBrowser(EnsekMethods.java:72)
at assignments.EnsekMethods.closeBrowser(EnsekMethods.java:72)
at assignments.EnsekMethods.closeBrowser(EnsekMethods.java:72)
at assignments.EnsekMethods.closeBrowser(EnsekMethods.java:72)
at assignments.EnsekMethods.closeBrowser(EnsekMethods.java:72)
at assignments.EnsekMethods.closeBrowser(EnsekMethods.java:72)
at assignments.EnsekMethods.closeBrowser(EnsekMethods.java:72)
at assignments.EnsekMethods.closeBrowser(EnsekMethods.java:72)
at assignments.EnsekMethods.closeBrowser(EnsekMethods.java:72)
at assignments.EnsekMethods.closeBrowser(EnsekMethods.java:72)
at assignments.EnsekMethods.closeBrowser(EnsekMethods.java:72)
at assignments.EnsekMethods.closeBrowser(EnsekMethods.java:72)
at assignments.EnsekMethods.closeBrowser(EnsekMethods.java:72)
at assignments.EnsekMethods.closeBrowser(EnsekMethods.java:72)
at assignments.EnsekMethods.closeBrowser(EnsekMethods.java:72)
at assignments.EnsekMethods.closeBrowser(EnsekMethods.java:72)
at assignments.EnsekMethods.closeBrowser(EnsekMethods.java:72)
at assignments.EnsekMethods.closeBrowser(EnsekMethods.java:72)
at assignments.EnsekMethods.closeBrowser(EnsekMethods.java:72)
at assignments.EnsekMethods.closeBrowser(EnsekMethods.java:72)
at assignments.EnsekMethods.closeBrowser(EnsekMethods.java:72)
at assignments.EnsekMethods.closeBrowser(EnsekMethods.java:72)
at assignments.EnsekMethods.closeBrowser(EnsekMethods.java:72)
at assignments.EnsekMethods.closeBrowser(EnsekMethods.java:72)
at assignments.EnsekMethods.closeBrowser(EnsekMethods.java:72)
at assignments.EnsekMethods.closeBrowser(EnsekMethods.java:72)
at assignments.EnsekMethods.closeBrowser(EnsekMethods.java:72)
at assignments.EnsekMethods.closeBrowser(EnsekMethods.java:72)
at assignments.EnsekMethods.closeBrowser(EnsekMethods.java:72)
at assignments.EnsekMethods.closeBrowser(EnsekMethods.java:72)
at assignments.EnsekMethods.closeBrowser(EnsekMethods.java:72)
at assignments.EnsekMethods.closeBrowser(EnsekMethods.java:72)
at assignments.EnsekMethods.closeBrowser(EnsekMethods.java:72)
at assignments.EnsekMethods.closeBrowser(EnsekMethods.java:72)
at assignments.EnsekMethods.closeBrowser(EnsekMethods.java:72)
at assignments.EnsekMethods.closeBrowser(EnsekMethods.java:72)
at assignments.EnsekMethods.closeBrowser(EnsekMethods.java:72)
at assignments.EnsekMethods.closeBrowser(EnsekMethods.java:72)
at assignments.EnsekMethods.closeBrowser(EnsekMethods.java:72)
at assignments.EnsekMethods.closeBrowser(EnsekMethods.java:72)
at assignments.EnsekMethods.closeBrowser(EnsekMethods.java:72)
at assignments.EnsekMethods.closeBrowser(EnsekMethods.java:72)
at assignments.EnsekMethods.closeBrowser(EnsekMethods.java:72)
at assignments.EnsekMethods.closeBrowser(EnsekMethods.java:72)
at assignments.EnsekMethods.closeBrowser(EnsekMethods.java:72)
at assignments.EnsekMethods.closeBrowser(EnsekMethods.java:72)
at assignments.EnsekMethods.closeBrowser(EnsekMethods.java:72)
at assignments.EnsekMethods.closeBrowser(EnsekMethods.java:72)
at assignments.EnsekMethods.closeBrowser(EnsekMethods.java:72)
at assignments.EnsekMethods.closeBrowser(EnsekMethods.java:72)
at assignments.EnsekMethods.closeBrowser(EnsekMethods.java:72)
at assignments.EnsekMethods.closeBrowser(EnsekMethods.java:72)
at assignments.EnsekMethods.closeBrowser(EnsekMethods.java:72)
at assignments.EnsekMethods.closeBrowser(EnsekMethods.java:72)
at assignments.EnsekMethods.closeBrowser(EnsekMethods.java:72)
at assignments.EnsekMethods.closeBrowser(EnsekMethods.java:72)
at assignments.EnsekMethods.closeBrowser(EnsekMethods.java:72)
at assignments.EnsekMethods.closeBrowser(EnsekMethods.java:72)
at assignments.EnsekMethods.closeBrowser(EnsekMethods.java:72)
at assignments.EnsekMethods.closeBrowser(EnsekMethods.java:72)
at assignments.EnsekMethods.closeBrowser(EnsekMethods.java:72)
at assignments.EnsekMethods.closeBrowser(EnsekMethods.java:72)
at assignments.EnsekMethods.closeBrowser(EnsekMethods.java:72)
at assignments.EnsekMethods.closeBrowser(EnsekMethods.java:72)
at assignments.EnsekMethods.closeBrowser(EnsekMethods.java:72)
at assignments.EnsekMethods.closeBrowser(EnsekMethods.java:72)
at assignments.EnsekMethods.closeBrowser(EnsekMethods.java:72)
at assignments.EnsekMethods.closeBrowser(EnsekMethods.java:72)
at assignments.EnsekMethods.closeBrowser(EnsekMethods.java:72)
at assignments.EnsekMethods.closeBrowser(EnsekMethods.java:72)
at assignments.EnsekMethods.closeBrowser(EnsekMethods.java:72)
at assignments.EnsekMethods.closeBrowser(EnsekMethods.java:72)
at assignments.EnsekMethods.closeBrowser(EnsekMethods.java:72)
at assignments.EnsekMethods.closeBrowser(EnsekMethods.java:72)
at assignments.EnsekMethods.closeBrowser(EnsekMethods.java:72)
at assignments.EnsekMethods.closeBrowser(EnsekMethods.java:72)
at assignments.EnsekMethods.closeBrowser(EnsekMethods.java:72)
at assignments.EnsekMethods.closeBrowser(EnsekMethods.java:72)
at assignments.EnsekMethods.closeBrowser(EnsekMethods.java:72)
at assignments.EnsekMethods.closeBrowser(EnsekMethods.java:72)
at assignments.EnsekMethods.closeBrowser(EnsekMethods.java:72)
at assignments.EnsekMethods.closeBrowser(EnsekMethods.java:72)
at assignments.EnsekMethods.closeBrowser(EnsekMethods.java:72)
at assignments.EnsekMethods.closeBrowser(EnsekMethods.java:72)
at assignments.EnsekMethods.closeBrowser(EnsekMethods.java:72)
at assignments.EnsekMethods.closeBrowser(EnsekMethods.java:72)
at assignments.EnsekMethods.closeBrowser(EnsekMethods.java:72)
at assignments.EnsekMethods.closeBrowser(EnsekMethods.java:72)
at assignments.EnsekMethods.closeBrowser(EnsekMethods.java:72)
at assignments.EnsekMethods.closeBrowser(EnsekMethods.java:72)
at assignments.EnsekMethods.closeBrowser(EnsekMethods.java:72)
at assignments.EnsekMethods.closeBrowser(EnsekMethods.java:72)
at assignments.EnsekMethods.closeBrowser(EnsekMethods.java:72)
at assignments.EnsekMethods.closeBrowser(EnsekMethods.java:72)
at assignments.EnsekMethods.closeBrowser(EnsekMethods.java:72)
at assignments.EnsekMethods.closeBrowser(EnsekMethods.java:72)
at assignments.EnsekMethods.closeBrowser(EnsekMethods.java:72)
at assignments.EnsekMethods.closeBrowser(EnsekMethods.java:72)
at assignments.EnsekMethods.closeBrowser(EnsekMethods.java:72)
at assignments.EnsekMethods.closeBrowser(EnsekMethods.java:72)
at assignments.EnsekMethods.closeBrowser(EnsekMethods.java:72)
at assignments.EnsekMethods.closeBrowser(EnsekMethods.java:72)
at assignments.EnsekMethods.closeBrowser(EnsekMethods.java:72)
at assignments.EnsekMethods.closeBrowser(EnsekMethods.java:72)
at assignments.EnsekMethods.closeBrowser(EnsekMethods.java:72)
at assignments.EnsekMethods.closeBrowser(EnsekMethods.java:72)
at assignments.EnsekMethods.closeBrowser(EnsekMethods.java:72)
at assignments.EnsekMethods.closeBrowser(EnsekMethods.java:72)
at assignments.EnsekMethods.closeBrowser(EnsekMethods.java:72)
at assignments.EnsekMethods.closeBrowser(EnsekMethods.java:72)
at assignments.EnsekMethods.closeBrowser(EnsekMethods.java:72)
at assignments.EnsekMethods.closeBrowser(EnsekMethods.java:72)
at assignments.EnsekMethods.closeBrowser(EnsekMethods.java:72)
at assignments.EnsekMethods.closeBrowser(EnsekMethods.java:72)
at assignments.EnsekMethods.closeBrowser(EnsekMethods.java:72)
at assignments.EnsekMethods.closeBrowser(EnsekMethods.java:72)
at assignments.EnsekMethods.closeBrowser(EnsekMethods.java:72)
at assignments.EnsekMethods.closeBrowser(EnsekMethods.java:72)
at assignments.EnsekMethods.closeBrowser(EnsekMethods.java:72)
at assignments.EnsekMethods.closeBrowser(EnsekMethods.java:72)
at assignments.EnsekMethods.closeBrowser(EnsekMethods.java:72)
at assignments.EnsekMethods.closeBrowser(EnsekMethods.java:72)
at assignments.EnsekMethods.closeBrowser(EnsekMethods.java:72)
at assignments.EnsekMethods.closeBrowser(EnsekMethods.java:72)
at assignments.EnsekMethods.closeBrowser(EnsekMethods.java:72)
at assignments.EnsekMethods.closeBrowser(EnsekMethods.java:72)
at assignments.EnsekMethods.closeBrowser(EnsekMethods.java:72)
at assignments.EnsekMethods.closeBrowser(EnsekMethods.java:72)
at assignments.EnsekMethods.closeBrowser(EnsekMethods.java:72)
at assignments.EnsekMethods.closeBrowser(EnsekMethods.java:72)
at assignments.EnsekMethods.closeBrowser(EnsekMethods.java:72)
at assignments.EnsekMethods.closeBrowser(EnsekMethods.java:72)
at assignments.EnsekMethods.closeBrowser(EnsekMethods.java:72)
at assignments.EnsekMethods.closeBrowser(EnsekMethods.java:72)
at assignments.EnsekMethods.closeBrowser(EnsekMethods.java:72)
at assignments.EnsekMethods.closeBrowser(EnsekMethods.java:72)
at assignments.EnsekMethods.closeBrowser(EnsekMethods.java:72)
at assignments.EnsekMethods.closeBrowser(EnsekMethods.java:72)
at assignments.EnsekMethods.closeBrowser(EnsekMethods.java:72)
at assignments.EnsekMethods.closeBrowser(EnsekMethods.java:72)
at assignments.EnsekMethods.closeBrowser(EnsekMethods.java:72)
at assignments.EnsekMethods.closeBrowser(EnsekMethods.java:72)
at assignments.EnsekMethods.closeBrowser(EnsekMethods.java:72)
at assignments.EnsekMethods.closeBrowser(EnsekMethods.java:72)
at assignments.EnsekMethods.closeBrowser(EnsekMethods.java:72)
at assignments.EnsekMethods.closeBrowser(EnsekMethods.java:72)
at assignments.EnsekMethods.closeBrowser(EnsekMethods.java:72)
at assignments.EnsekMethods.closeBrowser(EnsekMethods.java:72)
at assignments.EnsekMethods.closeBrowser(EnsekMethods.java:72)
at assignments.EnsekMethods.closeBrowser(EnsekMethods.java:72)
at assignments.EnsekMethods.closeBrowser(EnsekMethods.java:72)
at assignments.EnsekMethods.closeBrowser(EnsekMethods.java:72)
at assignments.EnsekMethods.closeBrowser(EnsekMethods.java:72)
at assignments.EnsekMethods.closeBrowser(EnsekMethods.java:72)
at assignments.EnsekMethods.closeBrowser(EnsekMethods.java:72)
at assignments.EnsekMethods.closeBrowser(EnsekMethods.java:72)
at assignments.EnsekMethods.closeBrowser(EnsekMethods.java:72)
at assignments.EnsekMethods.closeBrowser(EnsekMethods.java:72)
at assignments.EnsekMethods.closeBrowser(EnsekMethods.java:72)
at assignments.EnsekMethods.closeBrowser(EnsekMethods.java:72)
at assignments.EnsekMethods.closeBrowser(EnsekMethods.java:72)
at assignments.EnsekMethods.closeBrowser(EnsekMethods.java:72)
at assignments.EnsekMethods.closeBrowser(EnsekMethods.java:72)
at assignments.EnsekMethods.closeBrowser(EnsekMethods.java:72)
at assignments.EnsekMethods.closeBrowser(EnsekMethods.java:72)
at assignments.EnsekMethods.closeBrowser(EnsekMethods.java:72)
at assignments.EnsekMethods.closeBrowser(EnsekMethods.java:72)
at assignments.EnsekMethods.closeBrowser(EnsekMethods.java:72)
at assignments.EnsekMethods.closeBrowser(EnsekMethods.java:72)
at assignments.EnsekMethods.closeBrowser(EnsekMethods.java:72)
at assignments.EnsekMethods.closeBrowser(EnsekMethods.java:72)
at assignments.EnsekMethods.closeBrowser(EnsekMethods.java:72)
at assignments.EnsekMethods.closeBrowser(EnsekMethods.java:72)
at assignments.EnsekMethods.closeBrowser(EnsekMethods.java:72)
at assignments.EnsekMethods.closeBrowser(EnsekMethods.java:72)
at assignments.EnsekMethods.closeBrowser(EnsekMethods.java:72)
at assignments.EnsekMethods.closeBrowser(EnsekMethods.java:72)
at assignments.EnsekMethods.closeBrowser(EnsekMethods.java:72)
at assignments.EnsekMethods.closeBrowser(EnsekMethods.java:72)
at assignments.EnsekMethods.closeBrowser(EnsekMethods.java:72)
at assignments.EnsekMethods.closeBrowser(EnsekMethods.java:72)
at assignments.EnsekMethods.closeBrowser(EnsekMethods.java:72)
at assignments.EnsekMethods.closeBrowser(EnsekMethods.java:72)
at assignments.EnsekMethods.closeBrowser(EnsekMethods.java:72)
at assignments.EnsekMethods.closeBrowser(EnsekMethods.java:72)
at assignments.EnsekMethods.closeBrowser(EnsekMethods.java:72)
at assignments.EnsekMethods.closeBrowser(EnsekMethods.java:72)
at assignments.EnsekMethods.closeBrowser(EnsekMethods.java:72)
at assignments.EnsekMethods.closeBrowser(EnsekMethods.java:72)
at assignments.EnsekMethods.closeBrowser(EnsekMethods.java:72)
at assignments.EnsekMethods.closeBrowser(EnsekMethods.java:72)
at assignments.EnsekMethods.closeBrowser(EnsekMethods.java:72)
at assignments.EnsekMethods.closeBrowser(EnsekMethods.java:72)
at assignments.EnsekMethods.closeBrowser(EnsekMethods.java:72)
at assignments.EnsekMethods.closeBrowser(EnsekMethods.java:72)
at assignments.EnsekMethods.closeBrowser(EnsekMethods.java:72)
at assignments.EnsekMethods.closeBrowser(EnsekMethods.java:72)
at assignments.EnsekMethods.closeBrowser(EnsekMethods.java:72)
at assignments.EnsekMethods.closeBrowser(EnsekMethods.java:72)
at assignments.EnsekMethods.closeBrowser(EnsekMethods.java:72)
at assignments.EnsekMethods.closeBrowser(EnsekMethods.java:72)
at assignments.EnsekMethods.closeBrowser(EnsekMethods.java:72)
at assignments.EnsekMethods.closeBrowser(EnsekMethods.java:72)
at assignments.EnsekMethods.closeBrowser(EnsekMethods.java:72)
at assignments.EnsekMethods.closeBrowser(EnsekMethods.java:72)
at assignments.EnsekMethods.closeBrowser(EnsekMethods.java:72)
at assignments.EnsekMethods.closeBrowser(EnsekMethods.java:72)
at assignments.EnsekMethods.closeBrowser(EnsekMethods.java:72)
at assignments.EnsekMethods.closeBrowser(EnsekMethods.java:72)
at assignments.EnsekMethods.closeBrowser(EnsekMethods.java:72)
at assignments.EnsekMethods.closeBrowser(EnsekMethods.java:72)
at assignments.EnsekMethods.closeBrowser(EnsekMethods.java:72)
at assignments.EnsekMethods.closeBrowser(EnsekMethods.java:72)
at assignments.EnsekMethods.closeBrowser(EnsekMethods.java:72)
at assignments.EnsekMethods.closeBrowser(EnsekMethods.java:72)
at assignments.EnsekMethods.closeBrowser(EnsekMethods.java:72)
at assignments.EnsekMethods.closeBrowser(EnsekMethods.java:72)
at assignments.EnsekMethods.closeBrowser(EnsekMethods.java:72)
at assignments.EnsekMethods.closeBrowser(EnsekMethods.java:72)
at assignments.EnsekMethods.closeBrowser(EnsekMethods.java:72)
at assignments.EnsekMethods.closeBrowser(EnsekMethods.java:72)
at assignments.EnsekMethods.closeBrowser(EnsekMethods.java:72)
at assignments.EnsekMethods.closeBrowser(EnsekMethods.java:72)
at assignments.EnsekMethods.closeBrowser(EnsekMethods.java:72)
at assignments.EnsekMethods.closeBrowser(EnsekMethods.java:72)
at assignments.EnsekMethods.closeBrowser(EnsekMethods.java:72)
at assignments.EnsekMethods.closeBrowser(EnsekMethods.java:72)
at assignments.EnsekMethods.closeBrowser(EnsekMethods.java:72)
at assignments.EnsekMethods.closeBrowser(EnsekMethods.java:72)
at assignments.EnsekMethods.closeBrowser(EnsekMethods.java:72)
at assignments.EnsekMethods.closeBrowser(EnsekMethods.java:72)
at assignments.EnsekMethods.closeBrowser(EnsekMethods.java:72)
at assignments.EnsekMethods.closeBrowser(EnsekMethods.java:72)
at assignments.EnsekMethods.closeBrowser(EnsekMethods.java:72)
at assignments.EnsekMethods.closeBrowser(EnsekMethods.java:72)
at assignments.EnsekMethods.closeBrowser(EnsekMethods.java:72)
at assignments.EnsekMethods.closeBrowser(EnsekMethods.java:72)
at assignments.EnsekMethods.closeBrowser(EnsekMethods.java:72)
at assignments.EnsekMethods.closeBrowser(EnsekMethods.java:72)
at assignments.EnsekMethods.closeBrowser(EnsekMethods.java:72)
at assignments.EnsekMethods.closeBrowser(EnsekMethods.java:72)
at assignments.EnsekMethods.closeBrowser(EnsekMethods.java:72)
at assignments.EnsekMethods.closeBrowser(EnsekMethods.java:72)
at assignments.EnsekMethods.closeBrowser(EnsekMethods.java:72)
at assignments.EnsekMethods.closeBrowser(EnsekMethods.java:72)
at assignments.EnsekMethods.closeBrowser(EnsekMethods.java:72)
at assignments.EnsekMethods.closeBrowser(EnsekMethods.java:72)
at assignments.EnsekMethods.closeBrowser(EnsekMethods.java:72)
at assignments.EnsekMethods.closeBrowser(EnsekMethods.java:72)
at assignments.EnsekMethods.closeBrowser(EnsekMethods.java:72)
at assignments.EnsekMethods.closeBrowser(EnsekMethods.java:72)
at assignments.EnsekMethods.closeBrowser(EnsekMethods.java:72)
at assignments.EnsekMethods.closeBrowser(EnsekMethods.java:72)
at assignments.EnsekMethods.closeBrowser(EnsekMethods.java:72)
at assignments.EnsekMethods.closeBrowser(EnsekMethods.java:72)
at assignments.EnsekMethods.closeBrowser(EnsekMethods.java:72)
at assignments.EnsekMethods.closeBrowser(EnsekMethods.java:72)
at assignments.EnsekMethods.closeBrowser(EnsekMethods.java:72)
at assignments.EnsekMethods.closeBrowser(EnsekMethods.java:72)
at assignments.EnsekMethods.closeBrowser(EnsekMethods.java:72)
at assignments.EnsekMethods.closeBrowser(EnsekMethods.java:72)
at assignments.EnsekMethods.closeBrowser(EnsekMethods.java:72)
at assignments.EnsekMethods.closeBrowser(EnsekMethods.java:72)
at assignments.EnsekMethods.closeBrowser(EnsekMethods.java:72)
at assignments.EnsekMethods.closeBrowser(EnsekMethods.java:72)
at assignments.EnsekMethods.closeBrowser(EnsekMethods.java:72)
at assignments.EnsekMethods.closeBrowser(EnsekMethods.java:72)
at assignments.EnsekMethods.closeBrowser(EnsekMethods.java:72)
at assignments.EnsekMethods.closeBrowser(EnsekMethods.java:72)
at assignments.EnsekMethods.closeBrowser(EnsekMethods.java:72)
at assignments.EnsekMethods.closeBrowser(EnsekMethods.java:72)
at assignments.EnsekMethods.closeBrowser(EnsekMethods.java:72)
at assignments.EnsekMethods.closeBrowser(EnsekMethods.java:72)
at assignments.EnsekMethods.closeBrowser(EnsekMethods.java:72)
at assignments.EnsekMethods.closeBrowser(EnsekMethods.java:72)
at assignments.EnsekMethods.closeBrowser(EnsekMethods.java:72)
at assignments.EnsekMethods.closeBrowser(EnsekMethods.java:72)
at assignments.EnsekMethods.closeBrowser(EnsekMethods.java:72)
at assignments.EnsekMethods.closeBrowser(EnsekMethods.java:72)
at assignments.EnsekMethods.closeBrowser(EnsekMethods.java:72)
at assignments.EnsekMethods.closeBrowser(EnsekMethods.java:72)
at assignments.EnsekMethods.closeBrowser(EnsekMethods.java:72)
at assignments.EnsekMethods.closeBrowser(EnsekMethods.java:72)
at assignments.EnsekMethods.closeBrowser(EnsekMethods.java:72)
at assignments.EnsekMethods.closeBrowser(EnsekMethods.java:72)
at assignments.EnsekMethods.closeBrowser(EnsekMethods.java:72)
at assignments.EnsekMethods.closeBrowser(EnsekMethods.java:72)
at assignments.EnsekMethods.closeBrowser(EnsekMethods.java:72)
at assignments.EnsekMethods.closeBrowser(EnsekMethods.java:72)
at assignments.EnsekMethods.closeBrowser(EnsekMethods.java:72)
at assignments.EnsekMethods.closeBrowser(EnsekMethods.java:72)
at assignments.EnsekMethods.closeBrowser(EnsekMethods.java:72)
at assignments.EnsekMethods.closeBrowser(EnsekMethods.java:72)
at assignments.EnsekMethods.closeBrowser(EnsekMethods.java:72)
at assignments.EnsekMethods.closeBrowser(EnsekMethods.java:72)
at assignments.EnsekMethods.closeBrowser(EnsekMethods.java:72)
at assignments.EnsekMethods.closeBrowser(EnsekMethods.java:72)
at assignments.EnsekMethods.closeBrowser(EnsekMethods.java:72)
at assignments.EnsekMethods.closeBrowser(EnsekMethods.java:72)
at assignments.EnsekMethods.closeBrowser(EnsekMethods.java:72)
at assignments.EnsekMethods.closeBrowser(EnsekMethods.java:72)
at assignments.EnsekMethods.closeBrowser(EnsekMethods.java:72)
at assignments.EnsekMethods.closeBrowser(EnsekMethods.java:72)
at assignments.EnsekMethods.closeBrowser(EnsekMethods.java:72)
at assignments.EnsekMethods.closeBrowser(EnsekMethods.java:72)
at assignments.EnsekMethods.closeBrowser(EnsekMethods.java:72)
at assignments.EnsekMethods.closeBrowser(EnsekMethods.java:72)
at assignments.EnsekMethods.closeBrowser(EnsekMethods.java:72)
at assignments.EnsekMethods.closeBrowser(EnsekMethods.java:72)
at assignments.EnsekMethods.closeBrowser(EnsekMethods.java:72)
at assignments.EnsekMethods.closeBrowser(EnsekMethods.java:72)
at assignments.EnsekMethods.closeBrowser(EnsekMethods.java:72)
at assignments.EnsekMethods.closeBrowser(EnsekMethods.java:72)
at assignments.EnsekMethods.closeBrowser(EnsekMethods.java:72)
at assignments.EnsekMethods.closeBrowser(EnsekMethods.java:72)
at assignments.EnsekMethods.closeBrowser(EnsekMethods.java:72)
at assignments.EnsekMethods.closeBrowser(EnsekMethods.java:72)
at assignments.EnsekMethods.closeBrowser(EnsekMethods.java:72)
at assignments.EnsekMethods.closeBrowser(EnsekMethods.java:72)
at assignments.EnsekMethods.closeBrowser(EnsekMethods.java:72)
at assignments.EnsekMethods.closeBrowser(EnsekMethods.java:72)
at assignments.EnsekMethods.closeBrowser(EnsekMethods.java:72)
at assignments.EnsekMethods.closeBrowser(EnsekMethods.java:72)
at assignments.EnsekMethods.closeBrowser(EnsekMethods.java:72)
at assignments.EnsekMethods.closeBrowser(EnsekMethods.java:72)
at assignments.EnsekMethods.closeBrowser(EnsekMethods.java:72)
at assignments.EnsekMethods.closeBrowser(EnsekMethods.java:72)
at assignments.EnsekMethods.closeBrowser(EnsekMethods.java:72)
at assignments.EnsekMethods.closeBrowser(EnsekMethods.java:72)
at assignments.EnsekMethods.closeBrowser(EnsekMethods.java:72)
at assignments.EnsekMethods.closeBrowser(EnsekMethods.java:72)
at assignments.EnsekMethods.closeBrowser(EnsekMethods.java:72)
at assignments.EnsekMethods.closeBrowser(EnsekMethods.java:72)
at assignments.EnsekMethods.closeBrowser(EnsekMethods.java:72)
at assignments.EnsekMethods.closeBrowser(EnsekMethods.java:72)
at assignments.EnsekMethods.closeBrowser(EnsekMethods.java:72)
at assignments.EnsekMethods.closeBrowser(EnsekMethods.java:72)
at assignments.EnsekMethods.closeBrowser(EnsekMethods.java:72)
at assignments.EnsekMethods.closeBrowser(EnsekMethods.java:72)
at assignments.EnsekMethods.closeBrowser(EnsekMethods.java:72)
at assignments.EnsekMethods.closeBrowser(EnsekMethods.java:72)
at assignments.EnsekMethods.closeBrowser(EnsekMethods.java:72)
at assignments.EnsekMethods.closeBrowser(EnsekMethods.java:72)
at assignments.EnsekMethods.closeBrowser(EnsekMethods.java:72)
at assignments.EnsekMethods.closeBrowser(EnsekMethods.java:72)
at assignments.EnsekMethods.closeBrowser(EnsekMethods.java:72)
at assignments.EnsekMethods.closeBrowser(EnsekMethods.java:72)
at assignments.EnsekMethods.closeBrowser(EnsekMethods.java:72)
at assignments.EnsekMethods.closeBrowser(EnsekMethods.java:72)
at assignments.EnsekMethods.closeBrowser(EnsekMethods.java:72)
at assignments.EnsekMethods.closeBrowser(EnsekMethods.java:72)
at assignments.EnsekMethods.closeBrowser(EnsekMethods.java:72)
at assignments.EnsekMethods.closeBrowser(EnsekMethods.java:72)
at assignments.EnsekMethods.closeBrowser(EnsekMethods.java:72)
at assignments.EnsekMethods.closeBrowser(EnsekMethods.java:72)
at assignments.EnsekMethods.closeBrowser(EnsekMethods.java:72)
at assignments.EnsekMethods.closeBrowser(EnsekMethods.java:72)
at assignments.EnsekMethods.closeBrowser(EnsekMethods.java:72)
at assignments.EnsekMethods.closeBrowser(EnsekMethods.java:72)
at assignments.EnsekMethods.closeBrowser(EnsekMethods.java:72)
at assignments.EnsekMethods.closeBrowser(EnsekMethods.java:72)
at assignments.EnsekMethods.closeBrowser(EnsekMethods.java:72)
at assignments.EnsekMethods.closeBrowser(EnsekMethods.java:72)
at assignments.EnsekMethods.closeBrowser(EnsekMethods.java:72)
at assignments.EnsekMethods.closeBrowser(EnsekMethods.java:72)
at assignments.EnsekMethods.closeBrowser(EnsekMethods.java:72)
at assignments.EnsekMethods.closeBrowser(EnsekMethods.java:72)
at assignments.EnsekMethods.closeBrowser(EnsekMethods.java:72)
at assignments.EnsekMethods.closeBrowser(EnsekMethods.java:72)
at assignments.EnsekMethods.closeBrowser(EnsekMethods.java:72)
at assignments.EnsekMethods.closeBrowser(EnsekMethods.java:72)
at assignments.EnsekMethods.closeBrowser(EnsekMethods.java:72)
at assignments.EnsekMethods.closeBrowser(EnsekMethods.java:72)
at assignments.EnsekMethods.closeBrowser(EnsekMethods.java:72)
at assignments.EnsekMethods.closeBrowser(EnsekMethods.java:72)
at assignments.EnsekMethods.closeBrowser(EnsekMethods.java:72)
at assignments.EnsekMethods.closeBrowser(EnsekMethods.java:72)
at assignments.EnsekMethods.closeBrowser(EnsekMethods.java:72)
at assignments.EnsekMethods.closeBrowser(EnsekMethods.java:72)
at assignments.EnsekMethods.closeBrowser(EnsekMethods.java:72)
at assignments.EnsekMethods.closeBrowser(EnsekMethods.java:72)
at assignments.EnsekMethods.closeBrowser(EnsekMethods.java:72)
at assignments.EnsekMethods.closeBrowser(EnsekMethods.java:72)
at assignments.EnsekMethods.closeBrowser(EnsekMethods.java:72)
at assignments.EnsekMethods.closeBrowser(EnsekMethods.java:72)
at assignments.EnsekMethods.closeBrowser(EnsekMethods.java:72)
at assignments.EnsekMethods.closeBrowser(EnsekMethods.java:72)
at assignments.EnsekMethods.closeBrowser(EnsekMethods.java:72)
at assignments.EnsekMethods.closeBrowser(EnsekMethods.java:72)
at assignments.EnsekMethods.closeBrowser(EnsekMethods.java:72)
at assignments.EnsekMethods.closeBrowser(EnsekMethods.java:72)
at assignments.EnsekMethods.closeBrowser(EnsekMethods.java:72)
at assignments.EnsekMethods.closeBrowser(EnsekMethods.java:72)
at assignments.EnsekMethods.closeBrowser(EnsekMethods.java:72)
at assignments.EnsekMethods.closeBrowser(EnsekMethods.java:72)
at assignments.EnsekMethods.closeBrowser(EnsekMethods.java:72)
at assignments.EnsekMethods.closeBrowser(EnsekMethods.java:72)
at assignments.EnsekMethods.closeBrowser(EnsekMethods.java:72)
at assignments.EnsekMethods.closeBrowser(EnsekMethods.java:72)
at assignments.EnsekMethods.closeBrowser(EnsekMethods.java:72)
at assignments.EnsekMethods.closeBrowser(EnsekMethods.java:72)
at assignments.EnsekMethods.closeBrowser(EnsekMethods.java:72)
at assignments.EnsekMethods.closeBrowser(EnsekMethods.java:72)
at assignments.EnsekMethods.closeBrowser(EnsekMethods.java:72)
at assignments.EnsekMethods.closeBrowser(EnsekMethods.java:72)
at assignments.EnsekMethods.closeBrowser(EnsekMethods.java:72)
at assignments.EnsekMethods.closeBrowser(EnsekMethods.java:72)
at assignments.EnsekMethods.closeBrowser(EnsekMethods.java:72)
at assignments.EnsekMethods.closeBrowser(EnsekMethods.java:72)
at assignments.EnsekMethods.closeBrowser(EnsekMethods.java:72)
at assignments.EnsekMethods.closeBrowser(EnsekMethods.java:72)
at assignments.EnsekMethods.closeBrowser(EnsekMethods.java:72)
at assignments.EnsekMethods.closeBrowser(EnsekMethods.java:72)
at assignments.EnsekMethods.closeBrowser(EnsekMethods.java:72)
at assignments.EnsekMethods.closeBrowser(EnsekMethods.java:72)
at assignments.EnsekMethods.closeBrowser(EnsekMethods.java:72)
at assignments.EnsekMethods.closeBrowser(EnsekMethods.java:72)
at assignments.EnsekMethods.closeBrowser(EnsekMethods.java:72)
at assignments.EnsekMethods.closeBrowser(EnsekMethods.java:72)
at assignments.EnsekMethods.closeBrowser(EnsekMethods.java:72)
at assignments.EnsekMethods.closeBrowser(EnsekMethods.java:72)
at assignments.EnsekMethods.closeBrowser(EnsekMethods.java:72)
at assignments.EnsekMethods.closeBrowser(EnsekMethods.java:72)
at assignments.EnsekMethods.closeBrowser(EnsekMethods.java:72)
at assignments.EnsekMethods.closeBrowser(EnsekMethods.java:72)
at assignments.EnsekMethods.closeBrowser(EnsekMethods.java:72)
at assignments.EnsekMethods.closeBrowser(EnsekMethods.java:72)
at assignments.EnsekMethods.closeBrowser(EnsekMethods.java:72)
at assignments.EnsekMethods.closeBrowser(EnsekMethods.java:72)
at assignments.EnsekMethods.closeBrowser(EnsekMethods.java:72)
at assignments.EnsekMethods.closeBrowser(EnsekMethods.java:72)
at assignments.EnsekMethods.closeBrowser(EnsekMethods.java:72)
at assignments.EnsekMethods.closeBrowser(EnsekMethods.java:72)
at assignments.EnsekMethods.closeBrowser(EnsekMethods.java:72)
at assignments.EnsekMethods.closeBrowser(EnsekMethods.java:72)
at assignments.EnsekMethods.closeBrowser(EnsekMethods.java:72)
at assignments.EnsekMethods.closeBrowser(EnsekMethods.java:72)
at assignments.EnsekMethods.closeBrowser(EnsekMethods.java:72)
at assignments.EnsekMethods.closeBrowser(EnsekMethods.java:72)
at assignments.EnsekMethods.closeBrowser(EnsekMethods.java:72)
at assignments.EnsekMethods.closeBrowser(EnsekMethods.java:72)
at assignments.EnsekMethods.closeBrowser(EnsekMethods.java:72)
at assignments.EnsekMethods.closeBrowser(EnsekMethods.java:72)
at assignments.EnsekMethods.closeBrowser(EnsekMethods.java:72)
at assignments.EnsekMethods.closeBrowser(EnsekMethods.java:72)
at assignments.EnsekMethods.closeBrowser(EnsekMethods.java:72)
at assignments.EnsekMethods.closeBrowser(EnsekMethods.java:72)
at assignments.EnsekMethods.closeBrowser(EnsekMethods.java:72)
at assignments.EnsekMethods.closeBrowser(EnsekMethods.java:72)
at assignments.EnsekMethods.closeBrowser(EnsekMethods.java:72)
at assignments.EnsekMethods.closeBrowser(EnsekMethods.java:72)
at assignments.EnsekMethods.closeBrowser(EnsekMethods.java:72)
at assignments.EnsekMethods.closeBrowser(EnsekMethods.java:72)
at assignments.EnsekMethods.closeBrowser(EnsekMethods.java:72)
at assignments.EnsekMethods.closeBrowser(EnsekMethods.java:72)
at assignments.EnsekMethods.closeBrowser(EnsekMethods.java:72)
at assignments.EnsekMethods.closeBrowser(EnsekMethods.java:72)
at assignments.EnsekMethods.closeBrowser(EnsekMethods.java:72)
at assignments.EnsekMethods.closeBrowser(EnsekMethods.java:72)
at assignments.EnsekMethods.closeBrowser(EnsekMethods.java:72)
at assignments.EnsekMethods.closeBrowser(EnsekMethods.java:72)
at assignments.EnsekMethods.closeBrowser(EnsekMethods.java:72)
at assignments.EnsekMethods.closeBrowser(EnsekMethods.java:72)
at assignments.EnsekMethods.closeBrowser(EnsekMethods.java:72)
at assignments.EnsekMethods.closeBrowser(EnsekMethods.java:72)
at assignments.EnsekMethods.closeBrowser(EnsekMethods.java:72)
at assignments.EnsekMethods.closeBrowser(EnsekMethods.java:72)
at assignments.EnsekMethods.closeBrowser(EnsekMethods.java:72)
at assignments.EnsekMethods.closeBrowser(EnsekMethods.java:72)
at assignments.EnsekMethods.closeBrowser(EnsekMethods.java:72)
at assignments.EnsekMethods.closeBrowser(EnsekMethods.java:72)
at assignments.EnsekMethods.closeBrowser(EnsekMethods.java:72)
at assignments.EnsekMethods.closeBrowser(EnsekMethods.java:72)
at assignments.EnsekMethods.closeBrowser(EnsekMethods.java:72)
at assignments.EnsekMethods.closeBrowser(EnsekMethods.java:72)
at assignments.EnsekMethods.closeBrowser(EnsekMethods.java:72)
at assignments.EnsekMethods.closeBrowser(EnsekMethods.java:72)
at assignments.EnsekMethods.closeBrowser(EnsekMethods.java:72)
at assignments.EnsekMethods.closeBrowser(EnsekMethods.java:72)
at assignments.EnsekMethods.closeBrowser(EnsekMethods.java:72)
at assignments.EnsekMethods.closeBrowser(EnsekMethods.java:72)
at assignments.EnsekMethods.closeBrowser(EnsekMethods.java:72)
at assignments.EnsekMethods.closeBrowser(EnsekMethods.java:72)
at assignments.EnsekMethods.closeBrowser(EnsekMethods.java:72)
at assignments.EnsekMethods.closeBrowser(EnsekMethods.java:72)
at assignments.EnsekMethods.closeBrowser(EnsekMethods.java:72)
at assignments.EnsekMethods.closeBrowser(EnsekMethods.java:72)
at assignments.EnsekMethods.closeBrowser(EnsekMethods.java:72)
at assignments.EnsekMethods.closeBrowser(EnsekMethods.java:72)
at assignments.EnsekMethods.closeBrowser(EnsekMethods.java:72)
at assignments.EnsekMethods.closeBrowser(EnsekMethods.java:72)
at assignments.EnsekMethods.closeBrowser(EnsekMethods.java:72)
at assignments.EnsekMethods.closeBrowser(EnsekMethods.java:72)
at assignments.EnsekMethods.closeBrowser(EnsekMethods.java:72)
at assignments.EnsekMethods.closeBrowser(EnsekMethods.java:72)
at assignments.EnsekMethods.closeBrowser(EnsekMethods.java:72)
at assignments.EnsekMethods.closeBrowser(EnsekMethods.java:72)
at assignments.EnsekMethods.closeBrowser(EnsekMethods.java:72)
at assignments.EnsekMethods.closeBrowser(EnsekMethods.java:72)
at assignments.EnsekMethods.closeBrowser(EnsekMethods.java:72)
at assignments.EnsekMethods.closeBrowser(EnsekMethods.java:72)
at assignments.EnsekMethods.closeBrowser(EnsekMethods.java:72)
at assignments.EnsekMethods.closeBrowser(EnsekMethods.java:72)
at assignments.EnsekMethods.closeBrowser(EnsekMethods.java:72)
at assignments.EnsekMethods.closeBrowser(EnsekMethods.java:72)
at assignments.EnsekMethods.closeBrowser(EnsekMethods.java:72)
at assignments.EnsekMethods.closeBrowser(EnsekMethods.java:72)
at assignments.EnsekMethods.closeBrowser(EnsekMethods.java:72)
at assignments.EnsekMethods.closeBrowser(EnsekMethods.java:72)
at assignments.EnsekMethods.closeBrowser(EnsekMethods.java:72)
at assignments.EnsekMethods.closeBrowser(EnsekMethods.java:72)
at assignments.EnsekMethods.closeBrowser(EnsekMethods.java:72)
at assignments.EnsekMethods.closeBrowser(EnsekMethods.java:72)
at assignments.EnsekMethods.closeBrowser(EnsekMethods.java:72)
at assignments.EnsekMethods.closeBrowser(EnsekMethods.java:72)
at assignments.EnsekMethods.closeBrowser(EnsekMethods.java:72)
at assignments.EnsekMethods.closeBrowser(EnsekMethods.java:72)
at assignments.EnsekMethods.closeBrowser(EnsekMethods.java:72)
at assignments.EnsekMethods.closeBrowser(EnsekMethods.java:72)
at assignments.EnsekMethods.closeBrowser(EnsekMethods.java:72)
at assignments.EnsekMethods.closeBrowser(EnsekMethods.java:72)
at assignments.EnsekMethods.closeBrowser(EnsekMethods.java:72)
at assignments.EnsekMethods.closeBrowser(EnsekMethods.java:72)
at assignments.EnsekMethods.closeBrowser(EnsekMethods.java:72)
at assignments.EnsekMethods.closeBrowser(EnsekMethods.java:72)
at assignments.EnsekMethods.closeBrowser(EnsekMethods.java:72)
at assignments.EnsekMethods.closeBrowser(EnsekMethods.java:72)
at assignments.EnsekMethods.closeBrowser(EnsekMethods.java:72)
at assignments.EnsekMethods.closeBrowser(EnsekMethods.java:72)
at assignments.EnsekMethods.closeBrowser(EnsekMethods.java:72)
at assignments.EnsekMethods.closeBrowser(EnsekMethods.java:72)
at assignments.EnsekMethods.closeBrowser(EnsekMethods.java:72)
at assignments.EnsekMethods.closeBrowser(EnsekMethods.java:72)
at assignments.EnsekMethods.closeBrowser(EnsekMethods.java:72)
at assignments.EnsekMethods.closeBrowser(EnsekMethods.java:72)
at assignments.EnsekMethods.closeBrowser(EnsekMethods.java:72)
at assignments.EnsekMethods.closeBrowser(EnsekMethods.java:72)
at assignments.EnsekMethods.closeBrowser(EnsekMethods.java:72)
at assignments.EnsekMethods.closeBrowser(EnsekMethods.java:72)
at assignments.EnsekMethods.closeBrowser(EnsekMethods.java:72)
at assignments.EnsekMethods.closeBrowser(EnsekMethods.java:72)
at assignments.EnsekMethods.closeBrowser(EnsekMethods.java:72)
at assignments.EnsekMethods.closeBrowser(EnsekMethods.java:72)
at assignments.EnsekMethods.closeBrowser(EnsekMethods.java:72)
at assignments.EnsekMethods.closeBrowser(EnsekMethods.java:72)
at assignments.EnsekMethods.closeBrowser(EnsekMethods.java:72)
at assignments.EnsekMethods.closeBrowser(EnsekMethods.java:72)
at assignments.EnsekMethods.closeBrowser(EnsekMethods.java:72)
at assignments.EnsekMethods.closeBrowser(EnsekMethods.java:72)
at assignments.EnsekMethods.closeBrowser(EnsekMethods.java:72)
at assignments.EnsekMethods.closeBrowser(EnsekMethods.java:72)
at assignments.EnsekMethods.closeBrowser(EnsekMethods.java:72)
at assignments.EnsekMethods.closeBrowser(EnsekMethods.java:72)
at assignments.EnsekMethods.closeBrowser(EnsekMethods.java:72)
at assignments.EnsekMethods.closeBrowser(EnsekMethods.java:72)
at assignments.EnsekMethods.closeBrowser(EnsekMethods.java:72)
at assignments.EnsekMethods.closeBrowser(EnsekMethods.java:72)
at assignments.EnsekMethods.closeBrowser(EnsekMethods.java:72)
at assignments.EnsekMethods.closeBrowser(EnsekMethods.java:72)
at assignments.EnsekMethods.closeBrowser(EnsekMethods.java:72)
at assignments.EnsekMethods.closeBrowser(EnsekMethods.java:72)
at assignments.EnsekMethods.closeBrowser(EnsekMethods.java:72)
at assignments.EnsekMethods.closeBrowser(EnsekMethods.java:72)
at assignments.EnsekMethods.closeBrowser(EnsekMethods.java:72)
at assignments.EnsekMethods.closeBrowser(EnsekMethods.java:72)
at assignments.EnsekMethods.closeBrowser(EnsekMethods.java:72)
at assignments.EnsekMethods.closeBrowser(EnsekMethods.java:72)
at assignments.EnsekMethods.closeBrowser(EnsekMethods.java:72)
at assignments.EnsekMethods.closeBrowser(EnsekMethods.java:72)
at assignments.EnsekMethods.closeBrowser(EnsekMethods.java:72)
at assignments.EnsekMethods.closeBrowser(EnsekMethods.java:72)
at assignments.EnsekMethods.closeBrowser(EnsekMethods.java:72)
at assignments.EnsekMethods.closeBrowser(EnsekMethods.java:72)
at assignments.EnsekMethods.closeBrowser(EnsekMethods.java:72)
at assignments.EnsekMethods.closeBrowser(EnsekMethods.java:72)
at assignments.EnsekMethods.closeBrowser(EnsekMethods.java:72)
at assignments.EnsekMethods.closeBrowser(EnsekMethods.java:72)
at assignments.EnsekMethods.closeBrowser(EnsekMethods.java:72)
at assignments.EnsekMethods.closeBrowser(EnsekMethods.java:72)
at assignments.EnsekMethods.closeBrowser(EnsekMethods.java:72)
at assignments.EnsekMethods.closeBrowser(EnsekMethods.java:72)
at assignments.EnsekMethods.closeBrowser(EnsekMethods.java:72)
at assignments.EnsekMethods.closeBrowser(EnsekMethods.java:72)
at assignments.EnsekMethods.closeBrowser(EnsekMethods.java:72)
at assignments.EnsekMethods.closeBrowser(EnsekMethods.java:72)
at assignments.EnsekMethods.closeBrowser(EnsekMethods.java:72)
at assignments.EnsekMethods.closeBrowser(EnsekMethods.java:72)
at assignments.EnsekMethods.closeBrowser(EnsekMethods.java:72)
at assignments.EnsekMethods.closeBrowser(EnsekMethods.java:72)
at assignments.EnsekMethods.closeBrowser(EnsekMethods.java:72)
at assignments.EnsekMethods.closeBrowser(EnsekMethods.java:72)
at assignments.EnsekMethods.closeBrowser(EnsekMethods.java:72)
at assignments.EnsekMethods.closeBrowser(EnsekMethods.java:72)
at assignments.EnsekMethods.closeBrowser(EnsekMethods.java:72)
at assignments.EnsekMethods.closeBrowser(EnsekMethods.java:72)
at assignments.EnsekMethods.closeBrowser(EnsekMethods.java:72)
at assignments.EnsekMethods.closeBrowser(EnsekMethods.java:72)
at assignments.EnsekMethods.closeBrowser(EnsekMethods.java:72)
at assignments.EnsekMethods.closeBrowser(EnsekMethods.java:72)
at assignments.EnsekMethods.closeBrowser(EnsekMethods.java:72)
at assignments.EnsekMethods.closeBrowser(EnsekMethods.java:72)
at assignments.EnsekMethods.closeBrowser(EnsekMethods.java:72)
at assignments.EnsekMethods.closeBrowser(EnsekMethods.java:72)
at assignments.EnsekMethods.closeBrowser(EnsekMethods.java:72)
at assignments.EnsekMethods.closeBrowser(EnsekMethods.java:72)
at assignments.EnsekMethods.closeBrowser(EnsekMethods.java:72)
at assignments.EnsekMethods.closeBrowser(EnsekMethods.java:72)
at assignments.EnsekMethods.closeBrowser(EnsekMethods.java:72)
at assignments.EnsekMethods.closeBrowser(EnsekMethods.java:72)
at assignments.EnsekMethods.closeBrowser(EnsekMethods.java:72)
at assignments.EnsekMethods.closeBrowser(EnsekMethods.java:72)
at assignments.EnsekMethods.closeBrowser(EnsekMethods.java:72)
at assignments.EnsekMethods.closeBrowser(EnsekMethods.java:72)
at assignments.EnsekMethods.closeBrowser(EnsekMethods.java:72)
at assignments.EnsekMethods.closeBrowser(EnsekMethods.java:72)
at assignments.EnsekMethods.closeBrowser(EnsekMethods.java:72)
at assignments.EnsekMethods.closeBrowser(EnsekMethods.java:72)
at assignments.EnsekMethods.closeBrowser(EnsekMethods.java:72)
at assignments.EnsekMethods.closeBrowser(EnsekMethods.java:72)
at assignments.EnsekMethods.closeBrowser(EnsekMethods.java:72)
at assignments.EnsekMethods.closeBrowser(EnsekMethods.java:72)
at assignments.EnsekMethods.closeBrowser(EnsekMethods.java:72)
at assignments.EnsekMethods.closeBrowser(EnsekMethods.java:72)
at assignments.EnsekMethods.closeBrowser(EnsekMethods.java:72)
at assignments.EnsekMethods.closeBrowser(EnsekMethods.java:72)
at assignments.EnsekMethods.closeBrowser(EnsekMethods.java:72)
at assignments.EnsekMethods.closeBrowser(EnsekMethods.java:72)
at assignments.EnsekMethods.closeBrowser(EnsekMethods.java:72)
at assignments.EnsekMethods.closeBrowser(EnsekMethods.java:72)
at assignments.EnsekMethods.closeBrowser(EnsekMethods.java:72)
at assignments.EnsekMethods.closeBrowser(EnsekMethods.java:72)
at assignments.EnsekMethods.closeBrowser(EnsekMethods.java:72)
at assignments.EnsekMethods.closeBrowser(EnsekMethods.java:72)
at assignments.EnsekMethods.closeBrowser(EnsekMethods.java:72)
at assignments.EnsekMethods.closeBrowser(EnsekMethods.java:72)
at assignments.EnsekMethods.closeBrowser(EnsekMethods.java:72)
at assignments.EnsekMethods.closeBrowser(EnsekMethods.java:72)
at assignments.EnsekMethods.closeBrowser(EnsekMethods.java:72)
at assignments.EnsekMethods.closeBrowser(EnsekMethods.java:72)
at assignments.EnsekMethods.closeBrowser(EnsekMethods.java:72)
at assignments.EnsekMethods.closeBrowser(EnsekMethods.java:72)
at assignments.EnsekMethods.closeBrowser(EnsekMethods.java:72)
at assignments.EnsekMethods.closeBrowser(EnsekMethods.java:72)
at assignments.EnsekMethods.closeBrowser(EnsekMethods.java:72)
at assignments.EnsekMethods.closeBrowser(EnsekMethods.java:72)
at assignments.EnsekMethods.closeBrowser(EnsekMethods.java:72)
at assignments.EnsekMethods.closeBrowser(EnsekMethods.java:72)
at assignments.EnsekMethods.closeBrowser(EnsekMethods.java:72)
at assignments.EnsekMethods.closeBrowser(EnsekMethods.java:72)
at assignments.EnsekMethods.closeBrowser(EnsekMethods.java:72)
at assignments.EnsekMethods.closeBrowser(EnsekMethods.java:72)
at assignments.EnsekMethods.closeBrowser(EnsekMethods.java:72)
at assignments.EnsekMethods.closeBrowser(EnsekMethods.java:72)
at assignments.EnsekMethods.closeBrowser(EnsekMethods.java:72)
at assignments.EnsekMethods.closeBrowser(EnsekMethods.java:72)
at assignments.EnsekMethods.closeBrowser(EnsekMethods.java:72)
at assignments.EnsekMethods.closeBrowser(EnsekMethods.java:72)
at assignments.EnsekMethods.closeBrowser(EnsekMethods.java:72)
at assignments.EnsekMethods.closeBrowser(EnsekMethods.java:72)
at assignments.EnsekMethods.closeBrowser(EnsekMethods.java:72)
at assignments.EnsekMethods.closeBrowser(EnsekMethods.java:72)
at assignments.EnsekMethods.closeBrowser(EnsekMethods.java:72)
at assignments.EnsekMethods.closeBrowser(EnsekMethods.java:72)
at assignments.EnsekMethods.closeBrowser(EnsekMethods.java:72)
at assignments.EnsekMethods.closeBrowser(EnsekMethods.java:72)
at assignments.EnsekMethods.closeBrowser(EnsekMethods.java:72)
at assignments.EnsekMethods.closeBrowser(EnsekMethods.java:72)
at assignments.EnsekMethods.closeBrowser(EnsekMethods.java:72)
at assignments.EnsekMethods.closeBrowser(EnsekMethods.java:72)
at assignments.EnsekMethods.closeBrowser(EnsekMethods.java:72)
at assignments.EnsekMethods.closeBrowser(EnsekMethods.java:72)
at assignments.EnsekMethods.closeBrowser(EnsekMethods.java:72)
at assignments.EnsekMethods.closeBrowser(EnsekMethods.java:72)
at assignments.EnsekMethods.closeBrowser(EnsekMethods.java:72)
at assignments.EnsekMethods.closeBrowser(EnsekMethods.java:72)
at assignments.EnsekMethods.closeBrowser(EnsekMethods.java:72)
at assignments.EnsekMethods.closeBrowser(EnsekMethods.java:72)
at assignments.EnsekMethods.closeBrowser(EnsekMethods.java:72)
at assignments.EnsekMethods.closeBrowser(EnsekMethods.java:72)
at assignments.EnsekMethods.closeBrowser(EnsekMethods.java:72)
at assignments.EnsekMethods.closeBrowser(EnsekMethods.java:72)
at assignments.EnsekMethods.closeBrowser(EnsekMethods.java:72)
at assignments.EnsekMethods.closeBrowser(EnsekMethods.java:72)
at assignments.EnsekMethods.closeBrowser(EnsekMethods.java:72)
at assignments.EnsekMethods.closeBrowser(EnsekMethods.java:72)
at assignments.EnsekMethods.closeBrowser(EnsekMethods.java:72)
at assignments.EnsekMethods.closeBrowser(EnsekMethods.java:72)
at assignments.EnsekMethods.closeBrowser(EnsekMethods.java:72)
at assignments.EnsekMethods.closeBrowser(EnsekMethods.java:72)
at assignments.EnsekMethods.closeBrowser(EnsekMethods.java:72)
at assignments.EnsekMethods.closeBrowser(EnsekMethods.java:72)
at assignments.EnsekMethods.closeBrowser(EnsekMethods.java:72)
at assignments.EnsekMethods.closeBrowser(EnsekMethods.java:72)
at assignments.EnsekMethods.closeBrowser(EnsekMethods.java:72)
at assignments.EnsekMethods.closeBrowser(EnsekMethods.java:72)
at assignments.EnsekMethods.closeBrowser(EnsekMethods.java:72)
at assignments.EnsekMethods.closeBrowser(EnsekMethods.java:72)
at assignments.EnsekMethods.closeBrowser(EnsekMethods.java:72)
at assignments.EnsekMethods.closeBrowser(EnsekMethods.java:72)
at assignments.EnsekMethods.closeBrowser(EnsekMethods.java:72)
at assignments.EnsekMethods.closeBrowser(EnsekMethods.java:72)
at assignments.EnsekMethods.closeBrowser(EnsekMethods.java:72)
at assignments.EnsekMethods.closeBrowser(EnsekMethods.java:72)
at assignments.EnsekMethods.closeBrowser(EnsekMethods.java:72)
at assignments.EnsekMethods.closeBrowser(EnsekMethods.java:72)
at assignments.EnsekMethods.closeBrowser(EnsekMethods.java:72)
at assignments.EnsekMethods.closeBrowser(EnsekMethods.java:72)
at assignments.EnsekMethods.closeBrowser(EnsekMethods.java:72)
at assignments.EnsekMethods.closeBrowser(EnsekMethods.java:72)
at assignments.EnsekMethods.closeBrowser(EnsekMethods.java:72)
at assignments.EnsekMethods.closeBrowser(EnsekMethods.java:72)
at assignments.EnsekMethods.closeBrowser(EnsekMethods.java:72)
at assignments.EnsekMethods.closeBrowser(EnsekMethods.java:72)
at assignments.EnsekMethods.closeBrowser(EnsekMethods.java:72)
at assignments.EnsekMethods.closeBrowser(EnsekMethods.java:72)
at assignments.EnsekMethods.closeBrowser(EnsekMethods.java:72)
at assignments.EnsekMethods.closeBrowser(EnsekMethods.java:72)
at assignments.EnsekMethods.closeBrowser(EnsekMethods.java:72)
at assignments.EnsekMethods.closeBrowser(EnsekMethods.java:72)
at assignments.EnsekMethods.closeBrowser(EnsekMethods.java:72)
at assignments.EnsekMethods.closeBrowser(EnsekMethods.java:72)
at assignments.EnsekMethods.closeBrowser(EnsekMethods.java:72)
at assignments.EnsekMethods.closeBrowser(EnsekMethods.java:72)
at assignments.EnsekMethods.closeBrowser(EnsekMethods.java:72)
at assignments.EnsekMethods.closeBrowser(EnsekMethods.java:72)
at assignments.EnsekMethods.closeBrowser(EnsekMethods.java:72)
at assignments.EnsekMethods.closeBrowser(EnsekMethods.java:72)
at assignments.EnsekMethods.closeBrowser(EnsekMethods.java:72)
at assignments.EnsekMethods.closeBrowser(EnsekMethods.java:72)
at assignments.EnsekMethods.closeBrowser(EnsekMethods.java:72)
at assignments.EnsekMethods.closeBrowser(EnsekMethods.java:72)
at assignments.EnsekMethods.closeBrowser(EnsekMethods.java:72)
at assignments.EnsekMethods.closeBrowser(EnsekMethods.java:72)
at assignments.EnsekMethods.closeBrowser(EnsekMethods.java:72)
at assignments.EnsekMethods.closeBrowser(EnsekMethods.java:72)
at assignments.EnsekMethods.closeBrowser(EnsekMethods.java:72)
at assignments.EnsekMethods.closeBrowser(EnsekMethods.java:72)
at assignments.EnsekMethods.closeBrowser(EnsekMethods.java:72)
at assignments.EnsekMethods.closeBrowser(EnsekMethods.java:72)
at assignments.EnsekMethods.closeBrowser(EnsekMethods.java:72)
at assignments.EnsekMethods.closeBrowser(EnsekMethods.java:72)
at assignments.EnsekMethods.closeBrowser(EnsekMethods.java:72)
at assignments.EnsekMethods.closeBrowser(EnsekMethods.java:72)
at assignments.EnsekMethods.closeBrowser(EnsekMethods.java:72)
at assignments.EnsekMethods.closeBrowser(EnsekMethods.java:72)
at assignments.EnsekMethods.closeBrowser(EnsekMethods.java:72)
at assignments.EnsekMethods.closeBrowser(EnsekMethods.java:72)
at assignments.EnsekMethods.closeBrowser(EnsekMethods.java:72)
at assignments.EnsekMethods.closeBrowser(EnsekMethods.java:72)
at assignments.EnsekMethods.closeBrowser(EnsekMethods.java:72)
at assignments.EnsekMethods.closeBrowser(EnsekMethods.java:72)
at assignments.EnsekMethods.closeBrowser(EnsekMethods.java:72)
at assignments.EnsekMethods.closeBrowser(EnsekMethods.java:72)
at assignments.EnsekMethods.closeBrowser(EnsekMethods.java:72)
at assignments.EnsekMethods.closeBrowser(EnsekMethods.java:72)
at assignments.EnsekMethods.closeBrowser(EnsekMethods.java:72)
at assignments.EnsekMethods.closeBrowser(EnsekMethods.java:72)
at assignments.EnsekMethods.closeBrowser(EnsekMethods.java:72)
at assignments.EnsekMethods.closeBrowser(EnsekMethods.java:72)
at assignments.EnsekMethods.closeBrowser(EnsekMethods.java:72)
at assignments.EnsekMethods.closeBrowser(EnsekMethods.java:72)
at assignments.EnsekMethods.closeBrowser(EnsekMethods.java:72)
at assignments.EnsekMethods.closeBrowser(EnsekMethods.java:72)
at assignments.EnsekMethods.closeBrowser(EnsekMethods.java:72)
at assignments.EnsekMethods.closeBrowser(EnsekMethods.java:72)
at assignments.EnsekMethods.closeBrowser(EnsekMethods.java:72)
at assignments.EnsekMethods.closeBrowser(EnsekMethods.java:72)
at assignments.EnsekMethods.closeBrowser(EnsekMethods.java:72)
at assignments.EnsekMethods.closeBrowser(EnsekMethods.java:72)
at assignments.EnsekMethods.closeBrowser(EnsekMethods.java:72)
at assignments.EnsekMethods.closeBrowser(EnsekMethods.java:72)
at assignments.EnsekMethods.closeBrowser(EnsekMethods.java:72)
at assignments.EnsekMethods.closeBrowser(EnsekMethods.java:72)
at assignments.EnsekMethods.closeBrowser(EnsekMethods.java:72)
at assignments.EnsekMethods.closeBrowser(EnsekMethods.java:72)
at assignments.EnsekMethods.closeBrowser(EnsekMethods.java:72)
at assignments.EnsekMethods.closeBrowser(EnsekMethods.java:72)
at assignments.EnsekMethods.closeBrowser(EnsekMethods.java:72)
at assignments.EnsekMethods.closeBrowser(EnsekMethods.java:72)
at assignments.EnsekMethods.closeBrowser(EnsekMethods.java:72)
at assignments.EnsekMethods.closeBrowser(EnsekMethods.java:72)
at assignments.EnsekMethods.closeBrowser(EnsekMethods.java:72)
at assignments.EnsekMethods.closeBrowser(EnsekMethods.java:72)
at assignments.EnsekMethods.closeBrowser(EnsekMethods.java:72)
at assignments.EnsekMethods.closeBrowser(EnsekMethods.java:72)
at assignments.EnsekMethods.closeBrowser(EnsekMethods.java:72)
at assignments.EnsekMethods.closeBrowser(EnsekMethods.java:72)
at assignments.EnsekMethods.closeBrowser(EnsekMethods.java:72)
at assignments.EnsekMethods.closeBrowser(EnsekMethods.java:72)
at assignments.EnsekMethods.closeBrowser(EnsekMethods.java:72)
at assignments.EnsekMethods.closeBrowser(EnsekMethods.java:72)
at assignments.EnsekMethods.closeBrowser(EnsekMethods.java:72)
at assignments.EnsekMethods.closeBrowser(EnsekMethods.java:72)
at assignments.EnsekMethods.closeBrowser(EnsekMethods.java:72)
at assignments.EnsekMethods.closeBrowser(EnsekMethods.java:72)
at assignments.EnsekMethods.closeBrowser(EnsekMethods.java:72)
at assignments.EnsekMethods.closeBrowser(EnsekMethods.java:72)
at assignments.EnsekMethods.closeBrowser(EnsekMethods.java:72)
at assignments.EnsekMethods.closeBrowser(EnsekMethods.java:72)
at assignments.EnsekMethods.closeBrowser(EnsekMethods.java:72)
at assignments.EnsekMethods.closeBrowser(EnsekMethods.java:72)
at assignments.EnsekMethods.closeBrowser(EnsekMethods.java:72)
at assignments.EnsekMethods.closeBrowser(EnsekMethods.java:72)
at assignments.EnsekMethods.closeBrowser(EnsekMethods.java:72)
at assignments.EnsekMethods.closeBrowser(EnsekMethods.java:72)
at assignments.EnsekMethods.closeBrowser(EnsekMethods.java:72)
at assignments.EnsekMethods.closeBrowser(EnsekMethods.java:72)
at assignments.EnsekMethods.closeBrowser(EnsekMethods.java:72)
at assignments.EnsekMethods.closeBrowser(EnsekMethods.java:72)
at assignments.EnsekMethods.closeBrowser(EnsekMethods.java:72)
at assignments.EnsekMethods.closeBrowser(EnsekMethods.java:72)
at assignments.EnsekMethods.closeBrowser(EnsekMethods.java:72)
at assignments.EnsekMethods.closeBrowser(EnsekMethods.java:72)
at assignments.EnsekMethods.closeBrowser(EnsekMethods.java:72)
at assignments.EnsekMethods.closeBrowser(EnsekMethods.java:72)
at assignments.EnsekMethods.closeBrowser(EnsekMethods.java:72)
at assignments.EnsekMethods.closeBrowser(EnsekMethods.java:72)
at assignments.EnsekMethods.closeBrowser(EnsekMethods.java:72)
at assignments.EnsekMethods.closeBrowser(EnsekMethods.java:72)
at assignments.EnsekMethods.closeBrowser(EnsekMethods.java:72)
at assignments.EnsekMethods.closeBrowser(EnsekMethods.java:72)
at assignments.EnsekMethods.closeBrowser(EnsekMethods.java:72)
at assignments.EnsekMethods.closeBrowser(EnsekMethods.java:72)
at assignments.EnsekMethods.closeBrowser(EnsekMethods.java:72)
at assignments.EnsekMethods.closeBrowser(EnsekMethods.java:72)
at assignments.EnsekMethods.closeBrowser(EnsekMethods.java:72)
at assignments.EnsekMethods.closeBrowser(EnsekMethods.java:72)
at assignments.EnsekMethods.closeBrowser(EnsekMethods.java:72)
at assignments.EnsekMethods.closeBrowser(EnsekMethods.java:72)
at assignments.EnsekMethods.closeBrowser(EnsekMethods.java:72)
at assignments.EnsekMethods.closeBrowser(EnsekMethods.java:72)
at assignments.EnsekMethods.closeBrowser(EnsekMethods.java:72)
at assignments.EnsekMethods.closeBrowser(EnsekMethods.java:72)
at assignments.EnsekMethods.closeBrowser(EnsekMethods.java:72)
at assignments.EnsekMethods.closeBrowser(EnsekMethods.java:72)
at assignments.EnsekMethods.closeBrowser(EnsekMethods.java:72)
at assignments.EnsekMethods.closeBrowser(EnsekMethods.java:72)
at assignments.EnsekMethods.closeBrowser(EnsekMethods.java:72)
at assignments.EnsekMethods.closeBrowser(EnsekMethods.java:72)
at assignments.EnsekMethods.closeBrowser(EnsekMethods.java:72)
at assignments.EnsekMethods.closeBrowser(EnsekMethods.java:72)
at assignments.EnsekMethods.closeBrowser(EnsekMethods.java:72)
at assignments.EnsekMethods.closeBrowser(EnsekMethods.java:72)
at assignments.EnsekMethods.closeBrowser(EnsekMethods.java:72)
at assignments.EnsekMethods.closeBrowser(EnsekMethods.java:72)
at assignments.EnsekMethods.closeBrowser(EnsekMethods.java:72)
at assignments.EnsekMethods.closeBrowser(EnsekMethods.java:72)
at assignments.EnsekMethods.closeBrowser(EnsekMethods.java:72)
at assignments.EnsekMethods.closeBrowser(EnsekMethods.java:72)
at assignments.EnsekMethods.closeBrowser(EnsekMethods.java:72)
at assignments.EnsekMethods.closeBrowser(EnsekMethods.java:72)
at assignments.EnsekMethods.closeBrowser(EnsekMethods.java:72)
at assignments.EnsekMethods.closeBrowser(EnsekMethods.java:72)
at assignments.EnsekMethods.closeBrowser(EnsekMethods.java:72)
at assignments.EnsekMethods.closeBrowser(EnsekMethods.java:72)
at assignments.EnsekMethods.closeBrowser(EnsekMethods.java:72)
at assignments.EnsekMethods.closeBrowser(EnsekMethods.java:72)
at assignments.EnsekMethods.closeBrowser(EnsekMethods.java:72)
at assignments.EnsekMethods.closeBrowser(EnsekMethods.java:72)
at assignments.EnsekMethods.closeBrowser(EnsekMethods.java:72)
at assignments.EnsekMethods.closeBrowser(EnsekMethods.java:72)
at assignments.EnsekMethods.closeBrowser(EnsekMethods.java:72)
at assignments.EnsekMethods.closeBrowser(EnsekMethods.java:72)
at assignments.EnsekMethods.closeBrowser(EnsekMethods.java:72)
at assignments.EnsekMethods.closeBrowser(EnsekMethods.java:72)
at assignments.EnsekMethods.closeBrowser(EnsekMethods.java:72)
at assignments.EnsekMethods.closeBrowser(EnsekMethods.java:72)
at assignments.EnsekMethods.closeBrowser(EnsekMethods.java:72)
at assignments.EnsekMethods.closeBrowser(EnsekMethods.java:72)
at assignments.EnsekMethods.closeBrowser(EnsekMethods.java:72)
at assignments.EnsekMethods.closeBrowser(EnsekMethods.java:72)
at assignments.EnsekMethods.closeBrowser(EnsekMethods.java:72)
at assignments.EnsekMethods.closeBrowser(EnsekMethods.java:72)
at assignments.EnsekMethods.closeBrowser(EnsekMethods.java:72)
at assignments.EnsekMethods.closeBrowser(EnsekMethods.java:72)
at assignments.EnsekMethods.closeBrowser(EnsekMethods.java:72)
at assignments.EnsekMethods.closeBrowser(EnsekMethods.java:72)
at assignments.EnsekMethods.closeBrowser(EnsekMethods.java:72)
at assignments.EnsekMethods.closeBrowser(EnsekMethods.java:72)
at assignments.EnsekMethods.closeBrowser(EnsekMethods.java:72)
at assignments.EnsekMethods.closeBrowser(EnsekMethods.java:72)
at assignments.EnsekMethods.closeBrowser(EnsekMethods.java:72)
at assignments.EnsekMethods.closeBrowser(EnsekMethods.java:72)
at assignments.EnsekMethods.closeBrowser(EnsekMethods.java:72)
at assignments.EnsekMethods.closeBrowser(EnsekMethods.java:72)
at assignments.EnsekMethods.closeBrowser(EnsekMethods.java:72)
at assignments.EnsekMethods.closeBrowser(EnsekMethods.java:72)
at assignments.EnsekMethods.closeBrowser(EnsekMethods.java:72)
at assignments.EnsekMethods.closeBrowser(EnsekMethods.java:72)
at assignments.EnsekMethods.closeBrowser(EnsekMethods.java:72)
at assignments.EnsekMethods.closeBrowser(EnsekMethods.java:72)
at assignments.EnsekMethods.closeBrowser(EnsekMethods.java:72)
at assignments.EnsekMethods.closeBrowser(EnsekMethods.java:72)
at assignments.EnsekMethods.closeBrowser(EnsekMethods.java:72)
at assignments.EnsekMethods.closeBrowser(EnsekMethods.java:72)
at assignments.EnsekMethods.closeBrowser(EnsekMethods.java:72)
at assignments.EnsekMethods.closeBrowser(EnsekMethods.java:72)
at assignments.EnsekMethods.closeBrowser(EnsekMethods.java:72)
at assignments.EnsekMethods.closeBrowser(EnsekMethods.java:72)
at assignments.EnsekMethods.closeBrowser(EnsekMethods.java:72)
at assignments.EnsekMethods.closeBrowser(EnsekMethods.java:72)
at assignments.EnsekMethods.closeBrowser(EnsekMethods.java:72)
at assignments.EnsekMethods.closeBrowser(EnsekMethods.java:72)
at assignments.EnsekMethods.closeBrowser(EnsekMethods.java:72)
at assignments.EnsekMethods.closeBrowser(EnsekMethods.java:72)
at assignments.EnsekMethods.closeBrowser(EnsekMethods.java:72)
at assignments.EnsekMethods.closeBrowser(EnsekMethods.java:72)
at assignments.EnsekMethods.closeBrowser(EnsekMethods.java:72)
at assignments.EnsekMethods.closeBrowser(EnsekMethods.java:72)
at assignments.EnsekMethods.closeBrowser(EnsekMethods.java:72)
at assignments.EnsekMethods.closeBrowser(EnsekMethods.java:72)
at assignments.EnsekMethods.closeBrowser(EnsekMethods.java:72)
at assignments.EnsekMethods.closeBrowser(EnsekMethods.java:72)
at assignments.EnsekMethods.closeBrowser(EnsekMethods.java:72)
at assignments.EnsekMethods.closeBrowser(EnsekMethods.java:72)
at assignments.EnsekMethods.closeBrowser(EnsekMethods.java:72)
at assignments.EnsekMethods.closeBrowser(EnsekMethods.java:72)
at assignments.EnsekMethods.closeBrowser(EnsekMethods.java:72)
at assignments.EnsekMethods.closeBrowser(EnsekMethods.java:72)
at assignments.EnsekMethods.closeBrowser(EnsekMethods.java:72)
at assignments.EnsekMethods.closeBrowser(EnsekMethods.java:72)
at assignments.EnsekMethods.closeBrowser(EnsekMethods.java:72)
at assignments.EnsekMethods.closeBrowser(EnsekMethods.java:72)
at assignments.EnsekMethods.closeBrowser(EnsekMethods.java:72)
at assignments.EnsekMethods.closeBrowser(EnsekMethods.java:72)
at assignments.EnsekMethods.closeBrowser(EnsekMethods.java:72)
at assignments.EnsekMethods.closeBrowser(EnsekMethods.java:72)
at assignments.EnsekMethods.closeBrowser(EnsekMethods.java:72)
at assignments.EnsekMethods.closeBrowser(EnsekMethods.java:72)
at assignments.EnsekMethods.closeBrowser(EnsekMethods.java:72)
at assignments.EnsekMethods.closeBrowser(EnsekMethods.java:72)
at assignments.EnsekMethods.closeBrowser(EnsekMethods.java:72)
at assignments.EnsekMethods.closeBrowser(EnsekMethods.java:72)
at assignments.EnsekMethods.closeBrowser(EnsekMethods.java:72)
at assignments.EnsekMethods.closeBrowser(EnsekMethods.java:72)
at assignments.EnsekMethods.closeBrowser(EnsekMethods.java:72)
at assignments.EnsekMethods.closeBrowser(EnsekMethods.java:72)
at assignments.EnsekMethods.closeBrowser(EnsekMethods.java:72)
at assignments.EnsekMethods.closeBrowser(EnsekMethods.java:72)
at assignments.EnsekMethods.closeBrowser(EnsekMethods.java:72)
at assignments.EnsekMethods.closeBrowser(EnsekMethods.java:72)
at assignments.EnsekMethods.closeBrowser(EnsekMethods.java:72)
at assignments.EnsekMethods.closeBrowser(EnsekMethods.java:72)
at assignments.EnsekMethods.closeBrowser(EnsekMethods.java:72)
at assignments.EnsekMethods.closeBrowser(EnsekMethods.java:72)
at assignments.EnsekMethods.closeBrowser(EnsekMethods.java:72)
at assignments.EnsekMethods.closeBrowser(EnsekMethods.java:72)
at assignments.EnsekMethods.closeBrowser(EnsekMethods.java:72)
at assignments.EnsekMethods.closeBrowser(EnsekMethods.java:72)
at assignments.EnsekMethods.closeBrowser(EnsekMethods.java:72)
at assignments.EnsekMethods.closeBrowser(EnsekMethods.java:72)
at assignments.EnsekMethods.closeBrowser(EnsekMethods.java:72)
at assignments.EnsekMethods.closeBrowser(EnsekMethods.java:72)
at assignments.EnsekMethods.closeBrowser(EnsekMethods.java:72)
at assignments.EnsekMethods.closeBrowser(EnsekMethods.java:72)
at assignments.EnsekMethods.closeBrowser(EnsekMethods.java:72)
at assignments.EnsekMethods.closeBrowser(EnsekMethods.java:72)
at assignments.EnsekMethods.closeBrowser(EnsekMethods.java:72)
at assignments.EnsekMethods.closeBrowser(EnsekMethods.java:72)
at assignments.EnsekMethods.closeBrowser(EnsekMethods.java:72)
at assignments.EnsekMethods.closeBrowser(EnsekMethods.java:72)
at assignments.EnsekMethods.closeBrowser(EnsekMethods.java:72)
at assignments.EnsekMethods.closeBrowser(EnsekMethods.java:72)
at assignments.EnsekMethods.closeBrowser(EnsekMethods.java:72)
at assignments.EnsekMethods.closeBrowser(EnsekMethods.java:72)
at assignments.EnsekMethods.closeBrowser(EnsekMethods.java:72)
]]>
    </error>
  </testcase> <!-- closeBrowser -->
  <testcase name="BuyEnergy" time="24.955" classname="assignments.BuyEnergyTest"/>
</testsuite> <!-- assignments.BuyEnergyTest -->
